<?xml version="1.0" encoding="UTF-8"?>
<!-- Generated by org.testng.reporters.JUnitReportReporter -->
<testsuite hostname="corpprdvw513" name="runner.TestRunner" tests="1" failures="0" timestamp="21 May 2020 12:28:44 GMT" time="68.920" errors="0">
  <testcase name="feature" time="68.920" classname="runner.TestRunner"/>
</testsuite> <!-- runner.TestRunner -->
