<?xml version="1.0" encoding="UTF-8"?>
<!-- Generated by org.testng.reporters.JUnitReportReporter -->
<testsuite hostname="corpprdvw513" name="com.aires.utilities.SendAutomationReport_ViaMail_Test" tests="1" failures="0" timestamp="17 Aug 2020 08:00:40 GMT" time="3.834" errors="0">
  <testcase name="callSendReportMailMethod" time="3.834" classname="com.aires.utilities.SendAutomationReport_ViaMail_Test"/>
</testsuite> <!-- com.aires.utilities.SendAutomationReport_ViaMail_Test -->
