<?xml version="1.0" encoding="UTF-8"?>
<!-- Generated by org.testng.reporters.JUnitReportReporter -->
<testsuite hostname="corpprdvw513" name="com.aires.runner.TestRunner" tests="1" failures="0" timestamp="28 Oct 2021 10:19:51 GMT" time="148.954" errors="0">
  <testcase name="feature" time="148.954" classname="com.aires.runner.TestRunner"/>
</testsuite> <!-- com.aires.runner.TestRunner -->
