<?xml version="1.0" encoding="UTF-8"?>
<!-- Generated by org.testng.reporters.JUnitReportReporter -->
<testsuite hostname="corpprdvw513" name="com.aires.runner.CreateTestRun_InTestRail_Test" tests="1" failures="0" timestamp="4 Jun 2021 06:33:05 GMT" time="1.469" errors="0">
  <testcase name="CreateNew_TestRunID_InTestRail" time="1.469" classname="com.aires.runner.CreateTestRun_InTestRail_Test"/>
</testsuite> <!-- com.aires.runner.CreateTestRun_InTestRail_Test -->
