<?xml version="1.0" encoding="UTF-8"?>
<!-- Generated by org.testng.reporters.JUnitReportReporter -->
<testsuite hostname="corpprdvw513" name="runner.CreateTestRun_InTestRail_Test" tests="1" failures="0" timestamp="23 Apr 2020 08:49:30 GMT" time="1.712" errors="0">
  <testcase name="CreateNew_TestRunID_InTestRail" time="1.712" classname="runner.CreateTestRun_InTestRail_Test"/>
</testsuite> <!-- runner.CreateTestRun_InTestRail_Test -->
