<?xml version="1.0" encoding="UTF-8"?>
<!-- Generated by org.testng.reporters.JUnitReportReporter -->
<testsuite hostname="corpprdvw513" name="runner.CloseTestRunInTestRail_AfterExecution_Test" tests="1" failures="0" timestamp="23 Apr 2020 08:49:30 GMT" time="1.402" errors="0">
  <testcase name="closeTestRunInTestRail" time="1.402" classname="runner.CloseTestRunInTestRail_AfterExecution_Test"/>
</testsuite> <!-- runner.CloseTestRunInTestRail_AfterExecution_Test -->
